0 4 5 0 0 0 0 0 0 0 0
0.10000000000000001 4 5 0.0 0.0 2 2 0 2000 2000 0
0.20000000000000001 4 5 136.00000000000057 0.13600000000000056 8 8 0 8000 8000 0
0.30000000000000004 4 5 456.00000000000148 0.45600000000000152 15 15 0 15000 15000 0
0.40000000000000002 4 5 1522.7733333333313 1.5227733333333313 32 28 0 32000 28000 0
0.5 4 5 923.94666666670855 0.92394666666670866 46 46 0 46000 46000 0
0.59999999999999998 4 5 1.1102230246251567e-12 1.1102230246251567e-15 64 64 0 64000 64000 0
0.69999999999999996 4 5 258.66666666665935 0.25866666666665933 81 81 0 81000 81000 0
0.79999999999999993 4 5 1230.9333333332668 1.2309333333332664 102 100 0 102000 100000 0
0.89999999999999991 4 5 2534.1333333332473 2.5341333333332465 122 119 0 122000 119000 0
0.99999999999999989 4 5 2902.0799999999231 2.9020799999999221 140 137 0 140000 137000 0
1.0999999999999999 4 5 2896.6400000000845 2.8966400000000831 159 156 0 159000 156000 0
1.2 4 5 2896.6400000001513 2.8966400000001498 178 175 0 178000 175000 0
1.3 4 5 2896.6400000001508 2.8966400000001498 197 194 0 197000 194000 0
1.4000000000000001 4 5 2902.0800000001427 2.9020800000001419 215 212 0 215000 212000 0
1.5000000000000002 4 5 2896.6400000001508 2.8966400000001498 234 231 0 234000 231000 0
1.6000000000000003 4 5 2896.6400000001513 2.8966400000001498 253 250 0 253000 250000 0
1.7000000000000004 4 5 2896.6400000001508 2.8966400000001498 272 269 0 272000 269000 0
1.8000000000000005 4 5 2902.0800000001427 2.9020800000001419 290 287 0 290000 287000 0
1.9000000000000006 4 5 2896.6400000001508 2.8966400000001498 309 306 0 309000 306000 0
2.0000000000000004 4 5 2896.6400000001508 2.8966400000001498 328 325 0 328000 325000 0
2.1000000000000005 4 5 2896.6399999998575 2.8966399999998567 347 344 0 347000 344000 0
2.2000000000000006 4 5 2902.0799999997425 2.9020799999997422 365 362 0 365000 362000 0
2.3000000000000007 4 5 2896.6399999997284 2.8966399999997279 384 381 0 384000 381000 0
2.4000000000000008 4 5 2896.6399999997284 2.8966399999997279 403 400 0 403000 400000 0
2.5000000000000009 4 5 2896.6399999997279 2.8966399999997279 422 419 0 422000 419000 0
2.600000000000001 4 5 2902.0799999997425 2.9020799999997422 440 437 0 440000 437000 0
2.7000000000000011 4 5 2896.6399999997284 2.8966399999997279 459 456 0 459000 456000 0
2.8000000000000012 4 5 2896.6399999997284 2.8966399999997279 478 475 0 478000 475000 0
2.9000000000000012 4 5 2896.6399999997279 2.8966399999997279 497 494 0 497000 494000 0
3.0000000000000013 4 5 2902.0799999997425 2.9020799999997422 515 512 0 515000 512000 0
3.1000000000000014 4 5 3381.3749333333635 3.5432799999998923 537 532 0 536120 531080 0
3.2000000000000015 4 5 5727.7376000000695 5.6798933333334114 558 551 0 557280 550280 0
3.3000000000000016 4 5 8772.1792000003534 8.6401600000003249 579 569 0 578600 568440 0
3.4000000000000017 4 5 11687.05706666711 11.483520000000404 605 588 4 605200 587680 4160
3.5000000000000018 4 5 12079.054933332372 11.903786666665729 620 606 4 620480 606040 4160
3.6000000000000019 4 5 7994.91413333116 7.8775466666645695 632 625 4 632520 625360 4160
3.700000000000002 4 5 304.79999999913218 0.30479999999913215 646 642 4 646520 642360 4160
3.800000000000002 4 5 1.9733333336180419 0.0019733333336180419 664 659 4 664520 659360 4160
3.9000000000000021 4 5 1309.6618666671445 1.3028266666671218 684 677 4 684640 677400 4160
4.0000000000000018 4 5 4349.2416000006306 4.3061866666673261 706 696 4 706800 696640 4160
4.1000000000000014 4 5 6707.7162666676495 6.6331200000009778 726 714 4 727000 714840 4160
4.2000000000000011 4 5 4648.0597333325695 4.6196266666658996 742 733 5 743160 734000 5160
4.3000000000000007 4 5 2457.8005333326682 2.4234133333326642 754 749 5 755400 750240 5160
4.4000000000000004 4 5 3866.6474666680792 3.8091733333347255 778 768 5 779880 769640 5160
4.5 4 5 5348.2325333337985 5.2580266666671358 797 786 5 799200 788000 5160
4.5999999999999996 4 5 6388.9450666672356 6.2750400000005646 817 804 5 819560 806360 5160
4.6999999999999993 4 5 6480.1834666666837 6.353600000000017 836 823 6 838960 825800 6160
4.7999999999999989 4 5 5673.2031999998771 5.560479999999874 853 841 7 856360 844160 7200
4.8999999999999986 4 5 6155.5882666669886 6.0275200000003117 873 859 7 876840 862560 7200
4.9999999999999982 4 5 2642.0522666663678 2.596319999999706 885 878 7 889000 881800 7200
5.0999999999999979 4 5 3286.2890666670755 3.2220266666670687 907 896 7 911480 900200 7200
5.1999999999999975 4 5 3824.5930666669237 3.7706133333335901 926 914 8 930800 918560 8240
5.2999999999999972 4 5 2940.0640000002682 2.9000533333336 942 933 8 947000 937760 8240
5.3999999999999968 4 5 1047.7930666669995 1.0315733333336612 961 951 8 966360 956120 8240
5.4999999999999964 4 5 2471.4133333336199 2.4459200000002834 981 970 8 986600 975360 8240
5.5999999999999961 4 5 3585.0688000001396 3.5268266666668193 1000 988 8 1006040 993640 8240
5.6999999999999957 4 5 4663.2746666670519 4.5695466666670441 1019 1007 9 1025480 1013080 9280
5.7999999999999954 4 5 4495.8058666666902 4.4004800000000159 1039 1025 9 1045840 1031480 9280
5.899999999999995 4 5 2537.2928000009138 2.5268266666675654 1053 1043 9 1060000 1049720 9280
5.9999999999999947 4 5 1813.21600000015 1.7847466666668297 1073 1062 9 1080360 1069000 9280
6.0999999999999943 4 5 3259.560533333216 3.1967466666665372 1093 1080 9 1100720 1087400 9280
6.199999999999994 4 5 4503.9744000000146 4.4329066666666677 1113 1099 9 1121040 1106760 9280
6.2999999999999936 4 5 4877.3056000001907 4.7997333333335304 1132 1117 10 1140440 1125080 10320
6.3999999999999932 4 5 4056.2496000014744 3.9852800000014597 1146 1135 10 1154680 1143360 10320
6.4999999999999929 4 5 1681.00053333337 1.6545600000000307 1166 1154 10 1175080 1162760 10320
6.5999999999999925 4 5 2616.3093333332963 2.5841599999999603 1185 1172 10 1194320 1181000 10320
6.6999999999999922 4 5 2903.8101333339841 2.8573866666673466 1204 1191 11 1213720 1200280 11360
6.7999999999999918 4 5 1066.2442666673803 1.0532800000006797 1221 1209 11 1230920 1218560 11360
6.8999999999999915 4 5 1582.818133333147 1.5697599999998479 1240 1227 11 1250200 1236760 11360
6.9999999999999911 4 5 2293.0517333332473 2.247519999999871 1260 1246 11 1270560 1256200 11360
7.0999999999999908 4 5 3626.5514666664412 3.5753066666664375 1279 1264 11 1289840 1274480 11360
7.1999999999999904 4 5 4728.8618666668581 4.6504533333335631 1298 1283 11 1309240 1293800 11360
7.2999999999999901 4 5 5515.490133332909 5.3969066666663075 1318 1301 12 1329720 1312160 12360
7.3999999999999897 4 5 5485.6874666668009 5.3522133333334674 1336 1319 12 1348200 1330640 12360
7.4999999999999893 4 5 5655.7354666667661 5.5162133333334324 1356 1338 13 1368760 1350160 13400
7.599999999999989 4 5 5802.030933335981 5.6716266666692166 1370 1356 13 1383040 1368600 13400
7.6999999999999886 4 5 2402.7967999983362 2.3699199999983107 1389 1372 13 1402320 1384920 13400
7.7999999999999883 4 5 2925.7984000007741 2.8928533333341302 1406 1390 13 1419640 1403200 13400
7.8999999999999879 4 5 3522.5088000008509 3.4506666666675425 1425 1409 14 1439120 1422600 14440
7.9999999999999876 4 5 3293.3973333349986 3.2274133333349413 1441 1427 14 1455440 1441000 14440
8.0999999999999872 4 5 186.12693333268874 0.18581333333271455 1460 1445 14 1474680 1459200 14440
8.1999999999999869 4 5 1885.8602666652578 1.8499199999985616 1480 1463 14 1495040 1477600 14440
8.2999999999999865 4 5 4308.087466665399 4.2463466666653966 1501 1482 14 1516320 1496880 14440
8.3999999999999861 4 5 5664.9087999995045 5.576853333332858 1520 1500 14 1535680 1515200 14440
8.4999999999999858 4 5 5936.8128000002007 5.8360000000002215 1539 1518 15 1555080 1533520 15480
8.5999999999999854 4 5 5631.573333336466 5.5379200000030711 1554 1537 15 1570320 1552840 15480
8.6999999999999851 4 5 2167.274666666453 2.1332266666665132 1573 1555 16 1589720 1571160 16480
8.7999999999999847 4 5 1746.8885333334849 1.7244800000000877 1592 1574 16 1608960 1590480 16480
8.8999999999999844 4 5 3188.9919999979388 3.1339199999980782 1613 1592 16 1630440 1608760 16480
8.999999999999984 4 5 5084.599466667727 4.9746666666676909 1632 1611 17 1649880 1628200 17520
9.0999999999999837 4 5 5228.3178666653066 5.1167999999986336 1652 1629 17 1670280 1646600 17520
9.1999999999999833 4 5 4235.9210666703748 4.1816000000035709 1666 1647 17 1684480 1664960 17520
9.2999999999999829 4 5 1894.2058666674375 1.878933333334103 1684 1666 17 1702680 1684160 17520
9.3999999999999826 4 5 3014.7050666641367 2.951679999997598 1705 1684 17 1724200 1702520 17520
9.4999999999999822 4 5 3775.4240000003715 3.7040000000002271 1725 1703 18 1744520 1722000 18520
9.5999999999999819 4 5 4230.8437333338616 4.1517333333338486 1743 1721 18 1762880 1740360 18520
9.6999999999999815 4 5 4132.9088000006732 4.0350400000007589 1762 1739 19 1782400 1758760 19520
9.7999999999999812 4 5 4518.6325333331806 4.393119999999902 1781 1757 19 1801960 1777240 19520
9.8999999999999808 4 5 6312.6869333343411 6.1501333333343178 1801 1776 20 1822520 1796760 20560
9.9999999999999805 4 5 6901.1285333318947 6.7265066666652968 1821 1794 20 1843080 1815240 20560
